proepview - Version : parametric5000 Creo 5.1 - F000 (15.1.0.28) x86e_win64
Copyright (C) 2000-2018 PTC Inc. All Rights Reserved.

Recipe file: C:/Program Files/PTC/Creo 5.0.4.0/Common Files/text/prodview/export_pvs.rcp
Source file: C:/Users/PaalArthurSchjelderu/Desktop/Git/Summer-Intern-Project-2019/CAD/CREO/robot-arm_v3.asm.7
Output file: C:/Users/PAALAR~1/AppData/Local/Temp/mbuurj5x/robot-arm_v3.pvs
Processing robot-arm_v3.asm : ...
Processing base_v2.prt : COMPLETE
Getting Mass Properties : COMPLETE
Processing robot-arm-sub2.asm : ...
Processing lower-arm_v2.prt : COMPLETE
Getting Mass Properties : COMPLETE
Processing robot-arm-sub1.asm : ...
Processing middle-arm.prt : COMPLETE
Getting Mass Properties : COMPLETE
Processing upper-arm.prt : COMPLETE
Getting Mass Properties : COMPLETE
... robot-arm-sub1.asm : COMPLETE
... robot-arm-sub2.asm : COMPLETE
... robot-arm_v3.asm : COMPLETE
Generating Output : COMPLETE
